<?xml version="1.0" encoding="utf-8"?><testsuites name="pytest tests"><testsuite name="pytest" errors="0" failures="0" skipped="0" tests="14" time="7.625" timestamp="2026-09-22T21:39:04.274408+00:00" hostname="agent-env-ec19b402-1b19-44ef-a4d3-a5f1978737de"><testcase classname="backend.tests.test_deps_regression" name="test_edge_tts_import" time="0.178" /><testcase classname="backend.tests.test_deps_regression" name="test_pypdf_import" time="0.046" /><testcase classname="backend.tests.test_deps_regression" name="test_anthropic_import" time="0.497" /><testcase classname="backend.tests.test_deps_regression" name="test_google_genai_import" time="0.786" /><testcase classname="backend.tests.test_deps_regression" name="test_playwright_import" time="0.000" /><testcase classname="backend.tests.test_deps_regression" name="test_health" time="0.324" /><testcase classname="backend.tests.test_deps_regression" name="test_login_and_list_conversations" time="0.621" /><testcase classname="backend.tests.test_deps_regression" name="test_models_endpoint" time="0.626" /><testcase classname="backend.tests.test_deps_regression" name="test_tts_voices_fr" time="0.700" /><testcase classname="backend.tests.test_deps_regression" name="test_tts_synth_returns_mp3" time="0.662" /><testcase classname="backend.tests.test_deps_regression" name="test_delete_single_message" time="2.537" /><testcase classname="backend.tests.test_deps_regression" name="test_delete_message_bad_conv_returns_404" time="0.184" /><testcase classname="backend.tests.test_deps_regression" name="test_redact_secrets_function" time="0.198" /><testcase classname="backend.tests.test_deps_regression" name="test_tool_read_file_refuses_env" time="0.000" /></testsuite></testsuites>