<?xml version="1.0" encoding="utf-8"?><testsuites name="pytest tests"><testsuite name="pytest" errors="0" failures="0" skipped="0" tests="13" time="3.314" timestamp="2026-09-23T00:34:57.567244+00:00" hostname="agent-env-ec19b402-1b19-44ef-a4d3-a5f1978737de"><testcase classname="backend.tests.test_kokoro_optional" name="test_requirements_has_no_kokoro" time="0.000" /><testcase classname="backend.tests.test_kokoro_optional" name="test_requirements_kokoro_file_exists_and_pins" time="0.000" /><testcase classname="backend.tests.test_kokoro_optional" name="test_pip_dry_run_requirements_ok" time="0.436" /><testcase classname="backend.tests.test_kokoro_optional" name="test_install_kokoro_syntax" time="0.003" /><testcase classname="backend.tests.test_kokoro_optional" name="test_install_kokoro_uses_ignore_requires_python_and_exits_0_on_fail" time="0.000" /><testcase classname="backend.tests.test_kokoro_optional" name="test_upgrade_syntax" time="0.003" /><testcase classname="backend.tests.test_kokoro_optional" name="test_upgrade_does_not_hard_depend_on_kokoro" time="0.000" /><testcase classname="backend.tests.test_kokoro_optional" name="test_no_freetts_reference" time="0.003" /><testcase classname="backend.tests.test_kokoro_optional" name="test_health" time="0.306" /><testcase classname="backend.tests.test_kokoro_optional" name="test_conversations" time="0.574" /><testcase classname="backend.tests.test_kokoro_optional" name="test_tts_voices_no_kokoro_engine" time="0.694" /><testcase classname="backend.tests.test_kokoro_optional" name="test_tts_edge_denise" time="0.545" /><testcase classname="backend.tests.test_kokoro_optional" name="test_tts_kokoro_fallback_to_edge" time="0.665" /></testsuite></testsuites>