<?xml version="1.0" encoding="utf-8"?><testsuites name="pytest tests"><testsuite name="pytest" errors="0" failures="0" skipped="0" tests="21" time="16.482" timestamp="2026-06-02T00:37:17.482939+00:00" hostname="agent-env-ec19b402-1b19-44ef-a4d3-a5f1978737de"><testcase classname="backend.tests.backend_test.TestAuth" name="test_root" time="0.138" /><testcase classname="backend.tests.backend_test.TestAuth" name="test_login_success" time="0.329" /><testcase classname="backend.tests.backend_test.TestAuth" name="test_login_invalid" time="0.333" /><testcase classname="backend.tests.backend_test.TestAuth" name="test_me_no_token" time="0.104" /><testcase classname="backend.tests.backend_test.TestAuth" name="test_me_with_token" time="0.438" /><testcase classname="backend.tests.backend_test.TestAuth" name="test_register_creates_user" time="0.335" /><testcase classname="backend.tests.backend_test.TestAuth" name="test_register_duplicate" time="0.121" /><testcase classname="backend.tests.backend_test.TestAuth" name="test_bcrypt_hash_format" time="0.223" /><testcase classname="backend.tests.backend_test.TestConversations" name="test_create_conversation" time="0.102" /><testcase classname="backend.tests.backend_test.TestConversations" name="test_list_conversations" time="0.137" /><testcase classname="backend.tests.backend_test.TestConversations" name="test_rename_conversation" time="0.142" /><testcase classname="backend.tests.backend_test.TestConversations" name="test_get_messages_empty" time="0.107" /><testcase classname="backend.tests.backend_test.TestConversations" name="test_conversation_isolation" time="0.110" /><testcase classname="backend.tests.backend_test.TestConversations" name="test_no_auth_blocked" time="0.114" /><testcase classname="backend.tests.backend_test.TestChat" name="test_send_text_message" time="6.578" /><testcase classname="backend.tests.backend_test.TestChat" name="test_multi_turn_context" time="3.602" /><testcase classname="backend.tests.backend_test.TestChat" name="test_messages_persisted_and_ordered" time="0.123" /><testcase classname="backend.tests.backend_test.TestChat" name="test_send_image" time="2.943" /><testcase classname="backend.tests.backend_test.TestChat" name="test_send_empty_rejected" time="0.118" /><testcase classname="backend.tests.backend_test.TestChat" name="test_send_to_other_user_conv_blocked" time="0.103" /><testcase classname="backend.tests.backend_test.TestCleanup" name="test_delete_conversation" time="0.170" /></testsuite></testsuites>