<?xml version="1.0" encoding="utf-8"?><testsuites name="pytest tests"><testsuite name="pytest" errors="0" failures="0" skipped="0" tests="6" time="3.483" timestamp="2026-09-07T23:52:03.279710+00:00" hostname="agent-env-ec19b402-1b19-44ef-a4d3-a5f1978737de"><testcase classname="backend.tests.test_regression" name="test_health_root" time="0.198" /><testcase classname="backend.tests.test_regression" name="test_registration_closed" time="0.128" /><testcase classname="backend.tests.test_regression" name="test_login_bad" time="0.321" /><testcase classname="backend.tests.test_regression" name="test_auth_me" time="0.491" /><testcase classname="backend.tests.test_regression" name="test_conversation_crud_rename" time="0.554" /><testcase classname="backend.tests.test_regression" name="test_chat_send_claude" time="1.719" /></testsuite></testsuites>