<?xml version="1.0" encoding="utf-8"?><testsuites name="pytest tests"><testsuite name="pytest" errors="0" failures="0" skipped="0" tests="7" time="5.811" timestamp="2026-09-22T23:09:09.474254+00:00" hostname="agent-env-ec19b402-1b19-44ef-a4d3-a5f1978737de"><testcase classname="backend.tests.test_tts_bugs" name="test_health" time="0.185" /><testcase classname="backend.tests.test_tts_bugs" name="test_conversations_list" time="0.539" /><testcase classname="backend.tests.test_tts_bugs" name="test_tts_voices_locale_fr" time="0.601" /><testcase classname="backend.tests.test_tts_bugs" name="test_tts_voices_valid[fr-FR-Denise:DragonLatestNeural-fr-FR-DeniseNeural]" time="0.706" /><testcase classname="backend.tests.test_tts_bugs" name="test_tts_voices_valid[fr-FR-DeniseNeural-fr-FR-DeniseNeural]" time="0.572" /><testcase classname="backend.tests.test_tts_bugs" name="test_tts_voices_valid[fr-FR-CelesteNeural-fr-FR-CelesteNeural]" time="0.739" /><testcase classname="backend.tests.test_tts_bugs" name="test_tts_bogus_voice_no_empty_stream" time="2.404" /></testsuite></testsuites>